<?xml version="1.0" encoding="UTF-8"?>
<coverage generated="1540742844673" clover="3.2.0">
  <project timestamp="1540742844673" name="All files">
    <metrics statements="25" coveredstatements="18" conditionals="4" coveredconditionals="2" methods="9" coveredmethods="4" elements="38" coveredelements="24" complexity="0" loc="25" ncloc="25" packages="3" files="3" classes="3">
      <package name="app.components.Map">
        <metrics statements="14" coveredstatements="9" conditionals="4" coveredconditionals="2" methods="4" coveredmethods="1"/>
        <file name="Map.js" path="/Users/chrisboylen/Desktop/turing/mod-four/projects/bloom-trek/app/components/Map/Map.js">
          <metrics statements="14" coveredstatements="9" conditionals="4" coveredconditionals="2" methods="4" coveredmethods="1"/>
          <line num="6" count="1" type="stmt"/>
          <line num="11" count="1" type="stmt"/>
          <line num="16" count="1" type="stmt"/>
          <line num="20" count="0" type="stmt"/>
          <line num="21" count="0" type="stmt"/>
          <line num="22" count="0" type="stmt"/>
          <line num="26" count="0" type="stmt"/>
          <line num="32" count="2" type="stmt"/>
          <line num="33" count="2" type="stmt"/>
          <line num="38" count="2" type="cond" truecount="2" falsecount="2"/>
          <line num="39" count="2" type="stmt"/>
          <line num="46" count="0" type="stmt"/>
          <line num="60" count="1" type="stmt"/>
          <line num="69" count="1" type="stmt"/>
        </file>
      </package>
      <package name="app.components.Search">
        <metrics statements="10" coveredstatements="8" conditionals="0" coveredconditionals="0" methods="5" coveredmethods="3"/>
        <file name="Search.js" path="/Users/chrisboylen/Desktop/turing/mod-four/projects/bloom-trek/app/components/Search/Search.js">
          <metrics statements="10" coveredstatements="8" conditionals="0" coveredconditionals="0" methods="5" coveredmethods="3"/>
          <line num="8" count="3" type="stmt"/>
          <line num="9" count="3" type="stmt"/>
          <line num="15" count="1" type="stmt"/>
          <line num="21" count="6" type="stmt"/>
          <line num="22" count="6" type="stmt"/>
          <line num="24" count="6" type="stmt"/>
          <line num="30" count="0" type="stmt"/>
          <line num="34" count="0" type="stmt"/>
          <line num="40" count="1" type="stmt"/>
          <line num="47" count="1" type="stmt"/>
        </file>
      </package>
      <package name="jest">
        <metrics statements="1" coveredstatements="1" conditionals="0" coveredconditionals="0" methods="0" coveredmethods="0"/>
        <file name="setup.js" path="/Users/chrisboylen/Desktop/turing/mod-four/projects/bloom-trek/jest/setup.js">
          <metrics statements="1" coveredstatements="1" conditionals="0" coveredconditionals="0" methods="0" coveredmethods="0"/>
          <line num="4" count="3" type="stmt"/>
        </file>
      </package>
    </metrics>
  </project>
</coverage>
