{"/Users/chrisboylen/Desktop/turing/mod-four/projects/bloom-trek/app/components/Map/Map.js": {"path":"/Users/chrisboylen/Desktop/turing/mod-four/projects/bloom-trek/app/components/Map/Map.js","statementMap":{"0":{"start":{"line":6,"column":15},"end":{"line":9,"column":1}},"1":{"start":{"line":11,"column":22},"end":{"line":14,"column":1}},"2":{"start":{"line":16,"column":19},"end":{"line":16,"column":26}},"3":{"start":{"line":20,"column":42},"end":{"line":20,"column":52}},"4":{"start":{"line":21,"column":4},"end":{"line":28,"column":7}},"5":{"start":{"line":22,"column":6},"end":{"line":27,"column":8}},"6":{"start":{"line":26,"column":23},"end":{"line":26,"column":50}},"7":{"start":{"line":32,"column":25},"end":{"line":32,"column":35}},"8":{"start":{"line":33,"column":19},"end":{"line":36,"column":5}},"9":{"start":{"line":38,"column":4},"end":{"line":44,"column":5}},"10":{"start":{"line":39,"column":6},"end":{"line":43,"column":8}},"11":{"start":{"line":46,"column":4},"end":{"line":56,"column":6}},"12":{"start":{"line":60,"column":15},"end":{"line":67,"column":2}},"13":{"start":{"line":69,"column":0},"end":{"line":75,"column":2}}},"fnMap":{"0":{"name":"(anonymous_0)","decl":{"start":{"line":19,"column":18},"end":{"line":19,"column":19}},"loc":{"start":{"line":19,"column":24},"end":{"line":29,"column":3}},"line":19},"1":{"name":"(anonymous_1)","decl":{"start":{"line":21,"column":21},"end":{"line":21,"column":22}},"loc":{"start":{"line":22,"column":6},"end":{"line":27,"column":8}},"line":22},"2":{"name":"(anonymous_2)","decl":{"start":{"line":26,"column":17},"end":{"line":26,"column":18}},"loc":{"start":{"line":26,"column":23},"end":{"line":26,"column":50}},"line":26},"3":{"name":"(anonymous_3)","decl":{"start":{"line":31,"column":2},"end":{"line":31,"column":3}},"loc":{"start":{"line":31,"column":11},"end":{"line":57,"column":3}},"line":31}},"branchMap":{"0":{"loc":{"start":{"line":38,"column":4},"end":{"line":44,"column":5}},"type":"if","locations":[{"start":{"line":38,"column":4},"end":{"line":44,"column":5}},{"start":{"line":38,"column":4},"end":{"line":44,"column":5}}],"line":38},"1":{"loc":{"start":{"line":38,"column":8},"end":{"line":38,"column":45}},"type":"binary-expr","locations":[{"start":{"line":38,"column":8},"end":{"line":38,"column":24}},{"start":{"line":38,"column":28},"end":{"line":38,"column":45}}],"line":38}},"s":{"0":1,"1":1,"2":1,"3":0,"4":0,"5":0,"6":0,"7":2,"8":2,"9":2,"10":2,"11":0,"12":1,"13":1},"f":{"0":0,"1":0,"2":0,"3":2},"b":{"0":[2,0],"1":[2,0]},"_coverageSchema":"332fd63041d2c1bcb487cc26dd0d5f7d97098a6c","hash":"de07c9bc70fc42337e76e19bd64fbcd823a83ab8"}
,"/Users/chrisboylen/Desktop/turing/mod-four/projects/bloom-trek/app/components/Search/Search.js": {"path":"/Users/chrisboylen/Desktop/turing/mod-four/projects/bloom-trek/app/components/Search/Search.js","statementMap":{"0":{"start":{"line":8,"column":4},"end":{"line":8,"column":12}},"1":{"start":{"line":9,"column":4},"end":{"line":11,"column":6}},"2":{"start":{"line":15,"column":4},"end":{"line":17,"column":7}},"3":{"start":{"line":21,"column":28},"end":{"line":21,"column":38}},"4":{"start":{"line":22,"column":31},"end":{"line":22,"column":41}},"5":{"start":{"line":24,"column":4},"end":{"line":36,"column":6}},"6":{"start":{"line":30,"column":31},"end":{"line":30,"column":68}},"7":{"start":{"line":34,"column":31},"end":{"line":34,"column":58}},"8":{"start":{"line":40,"column":15},"end":{"line":45,"column":2}},"9":{"start":{"line":47,"column":0},"end":{"line":49,"column":2}}},"fnMap":{"0":{"name":"(anonymous_0)","decl":{"start":{"line":7,"column":2},"end":{"line":7,"column":3}},"loc":{"start":{"line":7,"column":16},"end":{"line":12,"column":3}},"line":7},"1":{"name":"(anonymous_1)","decl":{"start":{"line":14,"column":17},"end":{"line":14,"column":18}},"loc":{"start":{"line":14,"column":23},"end":{"line":18,"column":3}},"line":14},"2":{"name":"(anonymous_2)","decl":{"start":{"line":20,"column":2},"end":{"line":20,"column":3}},"loc":{"start":{"line":20,"column":11},"end":{"line":37,"column":3}},"line":20},"3":{"name":"(anonymous_3)","decl":{"start":{"line":30,"column":22},"end":{"line":30,"column":23}},"loc":{"start":{"line":30,"column":31},"end":{"line":30,"column":68}},"line":30},"4":{"name":"(anonymous_4)","decl":{"start":{"line":34,"column":25},"end":{"line":34,"column":26}},"loc":{"start":{"line":34,"column":31},"end":{"line":34,"column":58}},"line":34}},"branchMap":{},"s":{"0":3,"1":3,"2":1,"3":6,"4":6,"5":6,"6":0,"7":0,"8":1,"9":1},"f":{"0":3,"1":1,"2":6,"3":0,"4":0},"b":{},"_coverageSchema":"332fd63041d2c1bcb487cc26dd0d5f7d97098a6c","hash":"adafd8fe85589a06a39fbae8ae4841d9c7f65d8f"}
,"/Users/chrisboylen/Desktop/turing/mod-four/projects/bloom-trek/jest/setup.js": {"path":"/Users/chrisboylen/Desktop/turing/mod-four/projects/bloom-trek/jest/setup.js","statementMap":{"0":{"start":{"line":4,"column":0},"end":{"line":4,"column":38}}},"fnMap":{},"branchMap":{},"s":{"0":3},"f":{},"b":{},"_coverageSchema":"332fd63041d2c1bcb487cc26dd0d5f7d97098a6c","hash":"0ba57fadbdc1c7c1d16238aa6a6efdfefb0d1df3"}
}
