TN:
SF:/Users/chrisboylen/Desktop/turing/mod-four/projects/bloom-trek/app/components/Map/Map.js
FN:19,(anonymous_0)
FN:21,(anonymous_1)
FN:26,(anonymous_2)
FN:31,(anonymous_3)
FNF:4
FNH:1
FNDA:0,(anonymous_0)
FNDA:0,(anonymous_1)
FNDA:0,(anonymous_2)
FNDA:2,(anonymous_3)
DA:6,1
DA:11,1
DA:16,1
DA:20,0
DA:21,0
DA:22,0
DA:26,0
DA:32,2
DA:33,2
DA:38,2
DA:39,2
DA:46,0
DA:60,1
DA:69,1
LF:14
LH:9
BRDA:38,0,0,2
BRDA:38,0,1,0
BRDA:38,1,0,2
BRDA:38,1,1,0
BRF:4
BRH:2
end_of_record
TN:
SF:/Users/chrisboylen/Desktop/turing/mod-four/projects/bloom-trek/app/components/Search/Search.js
FN:7,(anonymous_0)
FN:14,(anonymous_1)
FN:20,(anonymous_2)
FN:30,(anonymous_3)
FN:34,(anonymous_4)
FNF:5
FNH:3
FNDA:3,(anonymous_0)
FNDA:1,(anonymous_1)
FNDA:6,(anonymous_2)
FNDA:0,(anonymous_3)
FNDA:0,(anonymous_4)
DA:8,3
DA:9,3
DA:15,1
DA:21,6
DA:22,6
DA:24,6
DA:30,0
DA:34,0
DA:40,1
DA:47,1
LF:10
LH:8
BRF:0
BRH:0
end_of_record
TN:
SF:/Users/chrisboylen/Desktop/turing/mod-four/projects/bloom-trek/jest/setup.js
FNF:0
FNH:0
DA:4,3
LF:1
LH:1
BRF:0
BRH:0
end_of_record
